<?xml version="1.0" encoding="UTF-8"?>
<testng-results skipped="0" failed="0" ignored="0" total="1" passed="1">
  <reporter-output>
  </reporter-output>
  <suite name="Default suite" duration-ms="303963" started-at="2021-02-19T10:00:38Z" finished-at="2021-02-19T10:05:42Z">
    <groups>
    </groups>
    <test name="Default test" duration-ms="303963" started-at="2021-02-19T10:00:38Z" finished-at="2021-02-19T10:05:42Z">
      <class name="TestMethods.CreateTemplates">
        <test-method status="PASS" signature="setup()[pri:0, instance:TestMethods.CreateTemplates@77caeb3e]" name="setup" is-config="true" duration-ms="71221" started-at="2021-02-19T10:00:38Z" finished-at="2021-02-19T10:01:49Z">
          <reporter-output>
          </reporter-output>
        </test-method> <!-- setup -->
        <test-method status="PASS" signature="SCTemplate4000()[pri:0, instance:TestMethods.CreateTemplates@77caeb3e]" name="SCTemplate4000" duration-ms="232678" started-at="2021-02-19T10:01:49Z" finished-at="2021-02-19T10:05:42Z">
          <reporter-output>
          </reporter-output>
        </test-method> <!-- SCTemplate4000 -->
      </class> <!-- TestMethods.CreateTemplates -->
    </test> <!-- Default test -->
  </suite> <!-- Default suite -->
</testng-results>
